2026-01-10 22:50:49,890 INFO Logging initialized at logs/app-20260110-225049.log
2026-01-10 22:50:49,894 INFO [config] Skipping disabled cameras: Back Lens, Front Lens, Back Lens
2026-01-10 22:50:49,895 INFO Logging initialized at logs/app-20260110-225049.log
2026-01-10 22:50:49,895 INFO Config loaded from cameras.yaml
2026-01-10 22:50:49,999 INFO [config] Active cameras: 1
2026-01-10 22:50:49,999 INFO [config] cam id=rpicam-vid:0 name=OV5647 (rpicam) type=single res=[1920, 1280] fmt=auto fps=30
2026-01-10 22:50:49,999 INFO Initializing new device rpicam-vid:0 for 'OV5647 (rpicam)'
2026-01-10 22:50:49,999 INFO [video] Opening source rpicam-vid:0 width=1920 height=1280 fmt=None fps=30 fourcc=None
2026-01-10 22:50:49,999 INFO [video] Using rpicam-vid pipe: rpicam-vid --timeout 0 --camera 0 --width 1920 --height 1280 --framerate 30 --codec yuv420 --libav-format rawvideo --output - --nopreview | ffmpeg -i pipe:0 -f rawvideo -pix_fmt bgr24 pipe:1
2026-01-10 22:50:50,000 WARNING [video] OpenCV FFMPEG backend failed; using raw pipe reader fallback
2026-01-10 22:50:50,001 INFO [debug] Requested 1920x1280, got 1920.0x1280.0
2026-01-10 22:50:50,001 INFO [video] Active FOURCC: 'BGR3' (Int: 861030210)
2026-01-10 22:50:50,001 INFO [video] Active FPS: 30.0
2026-01-10 22:50:50,002 INFO [video] Device opened id=rpicam-vid:0 fmt=None req_res=1920x1280 fps=30
2026-01-10 22:50:52,370 WARNING [video] Initial frame read failed for rpicam-vid:0 at 1920x1280 fmt=None. Current props: fourcc=BGR3 fps=30.0 res=1920.0x1280.0
2026-01-10 22:50:52,370 INFO [video] Retrying open of rpicam-vid:0 with format BGR3...
2026-01-10 22:50:52,370 INFO [video] Opening source rpicam-vid:0 width=1920 height=1280 fmt=BGR3 fps=30 fourcc=BGR3
2026-01-10 22:50:52,370 INFO [video] Using rpicam-vid pipe: rpicam-vid --timeout 0 --camera 0 --width 1920 --height 1280 --framerate 30 --codec yuv420 --libav-format rawvideo --output - --nopreview | ffmpeg -i pipe:0 -f rawvideo -pix_fmt bgr24 pipe:1
2026-01-10 22:50:52,370 WARNING [video] OpenCV FFMPEG backend failed; using raw pipe reader fallback
2026-01-10 22:50:52,371 INFO [debug] Requested 1920x1280, got 1920.0x1280.0
2026-01-10 22:50:52,371 INFO [video] Active FOURCC: 'BGR3' (Int: 861030210)
2026-01-10 22:50:52,371 INFO [video] Active FPS: 30.0
2026-01-10 22:50:54,628 INFO [video] Retrying rpicam-vid:0 at 640x480 fmt=BGR3...
2026-01-10 22:50:54,628 INFO [video] Opening source rpicam-vid:0 width=640 height=480 fmt=BGR3 fps=30 fourcc=BGR3
2026-01-10 22:50:54,628 INFO [video] Using rpicam-vid pipe: rpicam-vid --timeout 0 --camera 0 --width 640 --height 480 --framerate 30 --codec yuv420 --libav-format rawvideo --output - --nopreview | ffmpeg -i pipe:0 -f rawvideo -pix_fmt bgr24 pipe:1
2026-01-10 22:50:54,628 WARNING [video] OpenCV FFMPEG backend failed; using raw pipe reader fallback
2026-01-10 22:50:54,629 INFO [debug] Requested 640x480, got 640.0x480.0
2026-01-10 22:50:54,629 INFO [video] Active FOURCC: 'BGR3' (Int: 861030210)
2026-01-10 22:50:54,629 INFO [video] Active FPS: 30.0
2026-01-10 22:50:57,051 INFO [video] Retrying open of rpicam-vid:0 with format RGB3...
2026-01-10 22:50:57,051 INFO [video] Opening source rpicam-vid:0 width=1920 height=1280 fmt=RGB3 fps=30 fourcc=RGB3
2026-01-10 22:50:57,051 INFO [video] Using rpicam-vid pipe: rpicam-vid --timeout 0 --camera 0 --width 1920 --height 1280 --framerate 30 --codec yuv420 --libav-format rawvideo --output - --nopreview | ffmpeg -i pipe:0 -f rawvideo -pix_fmt bgr24 pipe:1
2026-01-10 22:50:57,051 WARNING [video] OpenCV FFMPEG backend failed; using raw pipe reader fallback
2026-01-10 22:50:57,051 INFO [debug] Requested 1920x1280, got 1920.0x1280.0
2026-01-10 22:50:57,052 INFO [video] Active FOURCC: 'BGR3' (Int: 861030210)
2026-01-10 22:50:57,052 INFO [video] Active FPS: 30.0
2026-01-10 22:50:59,313 INFO [video] Retrying rpicam-vid:0 at 640x480 fmt=RGB3...
2026-01-10 22:50:59,313 INFO [video] Opening source rpicam-vid:0 width=640 height=480 fmt=RGB3 fps=30 fourcc=RGB3
2026-01-10 22:50:59,313 INFO [video] Using rpicam-vid pipe: rpicam-vid --timeout 0 --camera 0 --width 640 --height 480 --framerate 30 --codec yuv420 --libav-format rawvideo --output - --nopreview | ffmpeg -i pipe:0 -f rawvideo -pix_fmt bgr24 pipe:1
2026-01-10 22:50:59,313 WARNING [video] OpenCV FFMPEG backend failed; using raw pipe reader fallback
2026-01-10 22:50:59,313 INFO [debug] Requested 640x480, got 640.0x480.0
2026-01-10 22:50:59,313 INFO [video] Active FOURCC: 'BGR3' (Int: 861030210)
2026-01-10 22:50:59,313 INFO [video] Active FPS: 30.0
2026-01-10 22:51:01,604 INFO [video] Retrying open of rpicam-vid:0 with format YUYV...
2026-01-10 22:51:01,604 INFO [video] Opening source rpicam-vid:0 width=1920 height=1280 fmt=YUYV fps=30 fourcc=YUYV
2026-01-10 22:51:01,604 INFO [video] Using rpicam-vid pipe: rpicam-vid --timeout 0 --camera 0 --width 1920 --height 1280 --framerate 30 --codec yuv420 --libav-format rawvideo --output - --nopreview | ffmpeg -i pipe:0 -f rawvideo -pix_fmt bgr24 pipe:1
2026-01-10 22:51:01,604 WARNING [video] OpenCV FFMPEG backend failed; using raw pipe reader fallback
2026-01-10 22:51:01,605 INFO [debug] Requested 1920x1280, got 1920.0x1280.0
2026-01-10 22:51:01,605 INFO [video] Active FOURCC: 'BGR3' (Int: 861030210)
2026-01-10 22:51:01,605 INFO [video] Active FPS: 30.0
2026-01-10 22:51:03,918 INFO [video] Retrying rpicam-vid:0 at 640x480 fmt=YUYV...
2026-01-10 22:51:03,918 INFO [video] Opening source rpicam-vid:0 width=640 height=480 fmt=YUYV fps=30 fourcc=YUYV
2026-01-10 22:51:03,918 INFO [video] Using rpicam-vid pipe: rpicam-vid --timeout 0 --camera 0 --width 640 --height 480 --framerate 30 --codec yuv420 --libav-format rawvideo --output - --nopreview | ffmpeg -i pipe:0 -f rawvideo -pix_fmt bgr24 pipe:1
2026-01-10 22:51:03,918 WARNING [video] OpenCV FFMPEG backend failed; using raw pipe reader fallback
2026-01-10 22:51:03,919 INFO [debug] Requested 640x480, got 640.0x480.0
2026-01-10 22:51:03,919 INFO [video] Active FOURCC: 'BGR3' (Int: 861030210)
2026-01-10 22:51:03,919 INFO [video] Active FPS: 30.0
2026-01-10 22:51:06,149 INFO [video] Retrying open of rpicam-vid:0 with format UYVY...
2026-01-10 22:51:06,150 INFO [video] Opening source rpicam-vid:0 width=1920 height=1280 fmt=UYVY fps=30 fourcc=UYVY
2026-01-10 22:51:06,150 INFO [video] Using rpicam-vid pipe: rpicam-vid --timeout 0 --camera 0 --width 1920 --height 1280 --framerate 30 --codec yuv420 --libav-format rawvideo --output - --nopreview | ffmpeg -i pipe:0 -f rawvideo -pix_fmt bgr24 pipe:1
2026-01-10 22:51:06,150 WARNING [video] OpenCV FFMPEG backend failed; using raw pipe reader fallback
2026-01-10 22:51:06,151 INFO [debug] Requested 1920x1280, got 1920.0x1280.0
2026-01-10 22:51:06,151 INFO [video] Active FOURCC: 'BGR3' (Int: 861030210)
2026-01-10 22:51:06,151 INFO [video] Active FPS: 30.0
2026-01-10 22:51:08,442 INFO [video] Retrying rpicam-vid:0 at 640x480 fmt=UYVY...
2026-01-10 22:51:08,442 INFO [video] Opening source rpicam-vid:0 width=640 height=480 fmt=UYVY fps=30 fourcc=UYVY
2026-01-10 22:51:08,443 INFO [video] Using rpicam-vid pipe: rpicam-vid --timeout 0 --camera 0 --width 640 --height 480 --framerate 30 --codec yuv420 --libav-format rawvideo --output - --nopreview | ffmpeg -i pipe:0 -f rawvideo -pix_fmt bgr24 pipe:1
2026-01-10 22:51:08,443 WARNING [video] OpenCV FFMPEG backend failed; using raw pipe reader fallback
2026-01-10 22:51:08,443 INFO [debug] Requested 640x480, got 640.0x480.0
2026-01-10 22:51:08,443 INFO [video] Active FOURCC: 'BGR3' (Int: 861030210)
2026-01-10 22:51:08,443 INFO [video] Active FPS: 30.0
