2026-01-10 22:49:10,446 INFO Logging initialized at logs/app-20260110-224910.log
2026-01-10 22:49:10,449 INFO [config] Skipping disabled cameras: Back Lens, Front Lens, Back Lens
2026-01-10 22:49:10,450 INFO Logging initialized at logs/app-20260110-224910.log
2026-01-10 22:49:10,450 INFO Config loaded from cameras.yaml
2026-01-10 22:49:10,556 INFO [video] Opening source rpicam-vid:0 width=1920 height=1280 fmt=None fps=30 fourcc=None
2026-01-10 22:49:10,556 INFO [video] Using rpicam-vid pipe: rpicam-vid --timeout 0 --camera 0 --width 1920 --height 1280 --framerate 30 --codec yuv420 --libav-format rawvideo --output - --nopreview | ffmpeg -i pipe:0 -f rawvideo -pix_fmt bgr24 pipe:1
2026-01-10 22:49:10,556 WARNING [video] OpenCV FFMPEG backend failed; using raw pipe reader fallback
2026-01-10 22:49:10,557 INFO [debug] Requested 1920x1280, got 1920.0x1280.0
2026-01-10 22:49:10,558 INFO [video] Active FOURCC: 'BGR3' (Int: 861030210)
2026-01-10 22:49:10,558 INFO [video] Active FPS: 30.0
2026-01-10 22:49:10,558 INFO [video] Device opened id=rpicam-vid:0 fmt=None req_res=1920x1280 fps=30
2026-01-10 22:49:12,967 WARNING [video] Initial frame read failed for rpicam-vid:0 at 1920x1280 fmt=None. Current props: fourcc=BGR3 fps=30.0 res=1920.0x1280.0
2026-01-10 22:49:12,967 INFO [video] Retrying open of rpicam-vid:0 with format BGR3...
2026-01-10 22:49:12,967 INFO [video] Opening source rpicam-vid:0 width=1920 height=1280 fmt=BGR3 fps=30 fourcc=BGR3
2026-01-10 22:49:12,967 INFO [video] Using rpicam-vid pipe: rpicam-vid --timeout 0 --camera 0 --width 1920 --height 1280 --framerate 30 --codec yuv420 --libav-format rawvideo --output - --nopreview | ffmpeg -i pipe:0 -f rawvideo -pix_fmt bgr24 pipe:1
2026-01-10 22:49:12,967 WARNING [video] OpenCV FFMPEG backend failed; using raw pipe reader fallback
2026-01-10 22:49:12,968 INFO [debug] Requested 1920x1280, got 1920.0x1280.0
2026-01-10 22:49:12,968 INFO [video] Active FOURCC: 'BGR3' (Int: 861030210)
2026-01-10 22:49:12,969 INFO [video] Active FPS: 30.0
2026-01-10 22:49:15,238 INFO [video] Retrying rpicam-vid:0 at 640x480 fmt=BGR3...
2026-01-10 22:49:15,238 INFO [video] Opening source rpicam-vid:0 width=640 height=480 fmt=BGR3 fps=30 fourcc=BGR3
2026-01-10 22:49:15,239 INFO [video] Using rpicam-vid pipe: rpicam-vid --timeout 0 --camera 0 --width 640 --height 480 --framerate 30 --codec yuv420 --libav-format rawvideo --output - --nopreview | ffmpeg -i pipe:0 -f rawvideo -pix_fmt bgr24 pipe:1
2026-01-10 22:49:15,239 WARNING [video] OpenCV FFMPEG backend failed; using raw pipe reader fallback
2026-01-10 22:49:15,239 INFO [debug] Requested 640x480, got 640.0x480.0
2026-01-10 22:49:15,239 INFO [video] Active FOURCC: 'BGR3' (Int: 861030210)
2026-01-10 22:49:15,239 INFO [video] Active FPS: 30.0
2026-01-10 22:49:17,483 INFO [video] Retrying open of rpicam-vid:0 with format RGB3...
2026-01-10 22:49:17,483 INFO [video] Opening source rpicam-vid:0 width=1920 height=1280 fmt=RGB3 fps=30 fourcc=RGB3
2026-01-10 22:49:17,483 INFO [video] Using rpicam-vid pipe: rpicam-vid --timeout 0 --camera 0 --width 1920 --height 1280 --framerate 30 --codec yuv420 --libav-format rawvideo --output - --nopreview | ffmpeg -i pipe:0 -f rawvideo -pix_fmt bgr24 pipe:1
2026-01-10 22:49:17,483 WARNING [video] OpenCV FFMPEG backend failed; using raw pipe reader fallback
2026-01-10 22:49:17,484 INFO [debug] Requested 1920x1280, got 1920.0x1280.0
2026-01-10 22:49:17,484 INFO [video] Active FOURCC: 'BGR3' (Int: 861030210)
2026-01-10 22:49:17,484 INFO [video] Active FPS: 30.0
2026-01-10 22:49:19,802 INFO [video] Retrying rpicam-vid:0 at 640x480 fmt=RGB3...
2026-01-10 22:49:19,802 INFO [video] Opening source rpicam-vid:0 width=640 height=480 fmt=RGB3 fps=30 fourcc=RGB3
2026-01-10 22:49:19,802 INFO [video] Using rpicam-vid pipe: rpicam-vid --timeout 0 --camera 0 --width 640 --height 480 --framerate 30 --codec yuv420 --libav-format rawvideo --output - --nopreview | ffmpeg -i pipe:0 -f rawvideo -pix_fmt bgr24 pipe:1
2026-01-10 22:49:19,802 WARNING [video] OpenCV FFMPEG backend failed; using raw pipe reader fallback
2026-01-10 22:49:19,803 INFO [debug] Requested 640x480, got 640.0x480.0
2026-01-10 22:49:19,803 INFO [video] Active FOURCC: 'BGR3' (Int: 861030210)
2026-01-10 22:49:19,803 INFO [video] Active FPS: 30.0
2026-01-10 22:49:22,057 INFO [video] Retrying open of rpicam-vid:0 with format YUYV...
2026-01-10 22:49:22,057 INFO [video] Opening source rpicam-vid:0 width=1920 height=1280 fmt=YUYV fps=30 fourcc=YUYV
2026-01-10 22:49:22,057 INFO [video] Using rpicam-vid pipe: rpicam-vid --timeout 0 --camera 0 --width 1920 --height 1280 --framerate 30 --codec yuv420 --libav-format rawvideo --output - --nopreview | ffmpeg -i pipe:0 -f rawvideo -pix_fmt bgr24 pipe:1
2026-01-10 22:49:22,057 WARNING [video] OpenCV FFMPEG backend failed; using raw pipe reader fallback
2026-01-10 22:49:22,057 INFO [debug] Requested 1920x1280, got 1920.0x1280.0
2026-01-10 22:49:22,058 INFO [video] Active FOURCC: 'BGR3' (Int: 861030210)
2026-01-10 22:49:22,058 INFO [video] Active FPS: 30.0
2026-01-10 22:49:24,354 INFO [video] Retrying rpicam-vid:0 at 640x480 fmt=YUYV...
2026-01-10 22:49:24,354 INFO [video] Opening source rpicam-vid:0 width=640 height=480 fmt=YUYV fps=30 fourcc=YUYV
2026-01-10 22:49:24,354 INFO [video] Using rpicam-vid pipe: rpicam-vid --timeout 0 --camera 0 --width 640 --height 480 --framerate 30 --codec yuv420 --libav-format rawvideo --output - --nopreview | ffmpeg -i pipe:0 -f rawvideo -pix_fmt bgr24 pipe:1
2026-01-10 22:49:24,354 WARNING [video] OpenCV FFMPEG backend failed; using raw pipe reader fallback
2026-01-10 22:49:24,354 INFO [debug] Requested 640x480, got 640.0x480.0
2026-01-10 22:49:24,354 INFO [video] Active FOURCC: 'BGR3' (Int: 861030210)
2026-01-10 22:49:24,355 INFO [video] Active FPS: 30.0
2026-01-10 22:49:26,593 INFO [video] Retrying open of rpicam-vid:0 with format UYVY...
2026-01-10 22:49:26,593 INFO [video] Opening source rpicam-vid:0 width=1920 height=1280 fmt=UYVY fps=30 fourcc=UYVY
2026-01-10 22:49:26,593 INFO [video] Using rpicam-vid pipe: rpicam-vid --timeout 0 --camera 0 --width 1920 --height 1280 --framerate 30 --codec yuv420 --libav-format rawvideo --output - --nopreview | ffmpeg -i pipe:0 -f rawvideo -pix_fmt bgr24 pipe:1
2026-01-10 22:49:26,593 WARNING [video] OpenCV FFMPEG backend failed; using raw pipe reader fallback
2026-01-10 22:49:26,594 INFO [debug] Requested 1920x1280, got 1920.0x1280.0
2026-01-10 22:49:26,594 INFO [video] Active FOURCC: 'BGR3' (Int: 861030210)
2026-01-10 22:49:26,594 INFO [video] Active FPS: 30.0
2026-01-10 22:49:28,885 INFO [video] Retrying rpicam-vid:0 at 640x480 fmt=UYVY...
2026-01-10 22:49:28,885 INFO [video] Opening source rpicam-vid:0 width=640 height=480 fmt=UYVY fps=30 fourcc=UYVY
2026-01-10 22:49:28,885 INFO [video] Using rpicam-vid pipe: rpicam-vid --timeout 0 --camera 0 --width 640 --height 480 --framerate 30 --codec yuv420 --libav-format rawvideo --output - --nopreview | ffmpeg -i pipe:0 -f rawvideo -pix_fmt bgr24 pipe:1
2026-01-10 22:49:28,885 WARNING [video] OpenCV FFMPEG backend failed; using raw pipe reader fallback
2026-01-10 22:49:28,885 INFO [debug] Requested 640x480, got 640.0x480.0
2026-01-10 22:49:28,885 INFO [video] Active FOURCC: 'BGR3' (Int: 861030210)
2026-01-10 22:49:28,886 INFO [video] Active FPS: 30.0
2026-01-10 22:49:31,264 ERROR Unhandled exception
Traceback (most recent call last):
  File "/home/torfi/multicam-remap/main.py", line 56, in main
    app = App(args.config, args.fullscreen)
  File "/home/torfi/multicam-remap/src/app.py", line 27, in __init__
    self._init_devices()
    ~~~~~~~~~~~~~~~~~~^^
  File "/home/torfi/multicam-remap/src/app.py", line 158, in _init_devices
    raise e
  File "/home/torfi/multicam-remap/src/app.py", line 149, in _init_devices
    dev = CameraDevice(cc)
  File "/home/torfi/multicam-remap/src/capture.py", line 473, in __init__
    raise RuntimeError(f"Failed to read initial frame from camera {self.id_str}")
RuntimeError: Failed to read initial frame from camera rpicam-vid:0
