2026-01-10 22:51:12,040 INFO Logging initialized at logs/app-20260110-225112.log
2026-01-10 22:51:12,043 INFO [config] Skipping disabled camera id=/dev/v4l/by-id/usb-MACROSILICON_USB_Video_20200909-video-index0 name=Back Lens
2026-01-10 22:51:12,043 INFO [config] Skipping disabled camera id=/dev/v4l/by-id/usb-VNV_USB_Camera-video-index0 name=Front Lens
2026-01-10 22:51:12,043 INFO [config] Skipping disabled camera id=/dev/v4l/by-id/usb-VNV_USB_Camera-video-index0 name=Back Lens
2026-01-10 22:51:12,043 INFO [config] Active cameras: 1
2026-01-10 22:51:12,043 INFO [config] cam id=rpicam-vid:0 name=OV5647 (rpicam) type=single res=[1920, 1280] fmt=auto fps=30
2026-01-10 22:51:12,145 INFO Initializing new device rpicam-vid:0 for 'OV5647 (rpicam)'
2026-01-10 22:51:12,145 INFO [video] Opening source rpicam-vid:0 width=1920 height=1280 fmt=None fps=30 fourcc=None
2026-01-10 22:51:12,145 INFO [video] Using rpicam-vid pipe: rpicam-vid --timeout 0 --camera 0 --width 1920 --height 1280 --framerate 30 --codec yuv420 --libav-format rawvideo --output - --nopreview | ffmpeg -i pipe:0 -f rawvideo -pix_fmt bgr24 pipe:1
2026-01-10 22:51:12,145 WARNING [video] OpenCV FFMPEG backend failed; using raw pipe reader fallback
2026-01-10 22:51:12,146 INFO [debug] Requested 1920x1280, got 1920.0x1280.0
2026-01-10 22:51:12,147 INFO [video] Active FOURCC: 'BGR3' (Int: 861030210)
2026-01-10 22:51:12,147 INFO [video] Active FPS: 30.0
2026-01-10 22:51:12,147 INFO [video] Device opened id=rpicam-vid:0 fmt=None req_res=1920x1280 fps=30
2026-01-10 22:51:14,512 WARNING [video] Initial frame read failed for rpicam-vid:0 at 1920x1280 fmt=None. Current props: fourcc=BGR3 fps=30.0 res=1920.0x1280.0
2026-01-10 22:51:14,512 INFO [video] Retrying open of rpicam-vid:0 with format BGR3...
2026-01-10 22:51:14,512 INFO [video] Opening source rpicam-vid:0 width=1920 height=1280 fmt=BGR3 fps=30 fourcc=BGR3
2026-01-10 22:51:14,512 INFO [video] Using rpicam-vid pipe: rpicam-vid --timeout 0 --camera 0 --width 1920 --height 1280 --framerate 30 --codec yuv420 --libav-format rawvideo --output - --nopreview | ffmpeg -i pipe:0 -f rawvideo -pix_fmt bgr24 pipe:1
2026-01-10 22:51:14,512 WARNING [video] OpenCV FFMPEG backend failed; using raw pipe reader fallback
2026-01-10 22:51:14,513 INFO [debug] Requested 1920x1280, got 1920.0x1280.0
2026-01-10 22:51:14,513 INFO [video] Active FOURCC: 'BGR3' (Int: 861030210)
2026-01-10 22:51:14,514 INFO [video] Active FPS: 30.0
2026-01-10 22:51:16,801 INFO [video] Retrying rpicam-vid:0 at 640x480 fmt=BGR3...
2026-01-10 22:51:16,802 INFO [video] Opening source rpicam-vid:0 width=640 height=480 fmt=BGR3 fps=30 fourcc=BGR3
2026-01-10 22:51:16,802 INFO [video] Using rpicam-vid pipe: rpicam-vid --timeout 0 --camera 0 --width 640 --height 480 --framerate 30 --codec yuv420 --libav-format rawvideo --output - --nopreview | ffmpeg -i pipe:0 -f rawvideo -pix_fmt bgr24 pipe:1
2026-01-10 22:51:16,802 WARNING [video] OpenCV FFMPEG backend failed; using raw pipe reader fallback
2026-01-10 22:51:16,803 INFO [debug] Requested 640x480, got 640.0x480.0
2026-01-10 22:51:16,803 INFO [video] Active FOURCC: 'BGR3' (Int: 861030210)
2026-01-10 22:51:16,803 INFO [video] Active FPS: 30.0
2026-01-10 22:51:19,048 INFO [video] Retrying open of rpicam-vid:0 with format RGB3...
2026-01-10 22:51:19,048 INFO [video] Opening source rpicam-vid:0 width=1920 height=1280 fmt=RGB3 fps=30 fourcc=RGB3
2026-01-10 22:51:19,048 INFO [video] Using rpicam-vid pipe: rpicam-vid --timeout 0 --camera 0 --width 1920 --height 1280 --framerate 30 --codec yuv420 --libav-format rawvideo --output - --nopreview | ffmpeg -i pipe:0 -f rawvideo -pix_fmt bgr24 pipe:1
2026-01-10 22:51:19,048 WARNING [video] OpenCV FFMPEG backend failed; using raw pipe reader fallback
2026-01-10 22:51:19,049 INFO [debug] Requested 1920x1280, got 1920.0x1280.0
2026-01-10 22:51:19,050 INFO [video] Active FOURCC: 'BGR3' (Int: 861030210)
2026-01-10 22:51:19,050 INFO [video] Active FPS: 30.0
2026-01-10 22:51:21,308 INFO [video] Retrying rpicam-vid:0 at 640x480 fmt=RGB3...
2026-01-10 22:51:21,309 INFO [video] Opening source rpicam-vid:0 width=640 height=480 fmt=RGB3 fps=30 fourcc=RGB3
2026-01-10 22:51:21,309 INFO [video] Using rpicam-vid pipe: rpicam-vid --timeout 0 --camera 0 --width 640 --height 480 --framerate 30 --codec yuv420 --libav-format rawvideo --output - --nopreview | ffmpeg -i pipe:0 -f rawvideo -pix_fmt bgr24 pipe:1
2026-01-10 22:51:21,309 WARNING [video] OpenCV FFMPEG backend failed; using raw pipe reader fallback
2026-01-10 22:51:21,310 INFO [debug] Requested 640x480, got 640.0x480.0
2026-01-10 22:51:21,310 INFO [video] Active FOURCC: 'BGR3' (Int: 861030210)
2026-01-10 22:51:21,310 INFO [video] Active FPS: 30.0
2026-01-10 22:51:23,642 INFO [video] Retrying open of rpicam-vid:0 with format YUYV...
2026-01-10 22:51:23,642 INFO [video] Opening source rpicam-vid:0 width=1920 height=1280 fmt=YUYV fps=30 fourcc=YUYV
2026-01-10 22:51:23,642 INFO [video] Using rpicam-vid pipe: rpicam-vid --timeout 0 --camera 0 --width 1920 --height 1280 --framerate 30 --codec yuv420 --libav-format rawvideo --output - --nopreview | ffmpeg -i pipe:0 -f rawvideo -pix_fmt bgr24 pipe:1
2026-01-10 22:51:23,643 WARNING [video] OpenCV FFMPEG backend failed; using raw pipe reader fallback
2026-01-10 22:51:23,643 INFO [debug] Requested 1920x1280, got 1920.0x1280.0
2026-01-10 22:51:23,643 INFO [video] Active FOURCC: 'BGR3' (Int: 861030210)
2026-01-10 22:51:23,643 INFO [video] Active FPS: 30.0
2026-01-10 22:51:25,917 INFO [video] Retrying rpicam-vid:0 at 640x480 fmt=YUYV...
2026-01-10 22:51:25,917 INFO [video] Opening source rpicam-vid:0 width=640 height=480 fmt=YUYV fps=30 fourcc=YUYV
2026-01-10 22:51:25,917 INFO [video] Using rpicam-vid pipe: rpicam-vid --timeout 0 --camera 0 --width 640 --height 480 --framerate 30 --codec yuv420 --libav-format rawvideo --output - --nopreview | ffmpeg -i pipe:0 -f rawvideo -pix_fmt bgr24 pipe:1
2026-01-10 22:51:25,917 WARNING [video] OpenCV FFMPEG backend failed; using raw pipe reader fallback
2026-01-10 22:51:25,918 INFO [debug] Requested 640x480, got 640.0x480.0
2026-01-10 22:51:25,918 INFO [video] Active FOURCC: 'BGR3' (Int: 861030210)
2026-01-10 22:51:25,918 INFO [video] Active FPS: 30.0
2026-01-10 22:51:28,163 INFO [video] Retrying open of rpicam-vid:0 with format UYVY...
2026-01-10 22:51:28,163 INFO [video] Opening source rpicam-vid:0 width=1920 height=1280 fmt=UYVY fps=30 fourcc=UYVY
2026-01-10 22:51:28,163 INFO [video] Using rpicam-vid pipe: rpicam-vid --timeout 0 --camera 0 --width 1920 --height 1280 --framerate 30 --codec yuv420 --libav-format rawvideo --output - --nopreview | ffmpeg -i pipe:0 -f rawvideo -pix_fmt bgr24 pipe:1
2026-01-10 22:51:28,164 WARNING [video] OpenCV FFMPEG backend failed; using raw pipe reader fallback
2026-01-10 22:51:28,164 INFO [debug] Requested 1920x1280, got 1920.0x1280.0
2026-01-10 22:51:28,164 INFO [video] Active FOURCC: 'BGR3' (Int: 861030210)
2026-01-10 22:51:28,164 INFO [video] Active FPS: 30.0
2026-01-10 22:51:30,451 INFO [video] Retrying rpicam-vid:0 at 640x480 fmt=UYVY...
2026-01-10 22:51:30,451 INFO [video] Opening source rpicam-vid:0 width=640 height=480 fmt=UYVY fps=30 fourcc=UYVY
2026-01-10 22:51:30,451 INFO [video] Using rpicam-vid pipe: rpicam-vid --timeout 0 --camera 0 --width 640 --height 480 --framerate 30 --codec yuv420 --libav-format rawvideo --output - --nopreview | ffmpeg -i pipe:0 -f rawvideo -pix_fmt bgr24 pipe:1
2026-01-10 22:51:30,452 WARNING [video] OpenCV FFMPEG backend failed; using raw pipe reader fallback
2026-01-10 22:51:30,452 INFO [debug] Requested 640x480, got 640.0x480.0
2026-01-10 22:51:30,452 INFO [video] Active FOURCC: 'BGR3' (Int: 861030210)
2026-01-10 22:51:30,452 INFO [video] Active FPS: 30.0
2026-01-10 22:51:32,707 ERROR Unhandled exception
Traceback (most recent call last):
  File "/home/torfi/multicam-remap/main.py", line 56, in main
    app = App(args.config, args.fullscreen)
  File "/home/torfi/multicam-remap/src/app.py", line 27, in __init__
    self._init_devices()
    ~~~~~~~~~~~~~~~~~~^^
  File "/home/torfi/multicam-remap/src/app.py", line 111, in _init_devices
    raise e
  File "/home/torfi/multicam-remap/src/app.py", line 102, in _init_devices
    dev = CameraDevice(cc)
  File "/home/torfi/multicam-remap/src/capture.py", line 473, in __init__
    raise RuntimeError(f"Failed to read initial frame from camera {self.id_str}")
RuntimeError: Failed to read initial frame from camera rpicam-vid:0
