2026-01-10 22:51:39,727 INFO Logging initialized at logs/app-20260110-225139.log
2026-01-10 22:51:39,730 INFO [config] Skipping disabled camera id=/dev/v4l/by-id/usb-MACROSILICON_USB_Video_20200909-video-index0 name=Back Lens
2026-01-10 22:51:39,730 INFO [config] Skipping disabled camera id=/dev/v4l/by-id/usb-VNV_USB_Camera-video-index0 name=Front Lens
2026-01-10 22:51:39,730 INFO [config] Skipping disabled camera id=/dev/v4l/by-id/usb-VNV_USB_Camera-video-index0 name=Back Lens
2026-01-10 22:51:39,730 INFO [config] Active cameras: 1
2026-01-10 22:51:39,730 INFO [config] cam id=rpicam-vid:0 name=OV5647 (rpicam) type=single res=[1920, 1280] fmt=auto fps=30
2026-01-10 22:51:39,934 INFO Initializing new device rpicam-vid:0 for 'OV5647 (rpicam)'
2026-01-10 22:51:39,935 INFO [video] Opening source rpicam-vid:0 width=1920 height=1280 fmt=None fps=30 fourcc=None
2026-01-10 22:51:39,935 INFO [video] Using rpicam-vid pipe: rpicam-vid --timeout 0 --camera 0 --width 1920 --height 1280 --framerate 30 --codec yuv420 --libav-format rawvideo --output - --nopreview | ffmpeg -i pipe:0 -f rawvideo -pix_fmt bgr24 pipe:1
2026-01-10 22:51:39,935 WARNING [video] OpenCV FFMPEG backend failed; using raw pipe reader fallback
2026-01-10 22:51:39,936 INFO [debug] Requested 1920x1280, got 1920.0x1280.0
2026-01-10 22:51:39,936 INFO [video] Active FOURCC: 'BGR3' (Int: 861030210)
2026-01-10 22:51:39,936 INFO [video] Active FPS: 30.0
2026-01-10 22:51:39,936 INFO [video] Device opened id=rpicam-vid:0 fmt=None req_res=1920x1280 fps=30
2026-01-10 22:51:42,285 WARNING [video] Initial frame read failed for rpicam-vid:0 at 1920x1280 fmt=None. Current props: fourcc=BGR3 fps=30.0 res=1920.0x1280.0
2026-01-10 22:51:42,285 INFO [video] Retrying open of rpicam-vid:0 with format BGR3...
2026-01-10 22:51:42,285 INFO [video] Opening source rpicam-vid:0 width=1920 height=1280 fmt=BGR3 fps=30 fourcc=BGR3
2026-01-10 22:51:42,285 INFO [video] Using rpicam-vid pipe: rpicam-vid --timeout 0 --camera 0 --width 1920 --height 1280 --framerate 30 --codec yuv420 --libav-format rawvideo --output - --nopreview | ffmpeg -i pipe:0 -f rawvideo -pix_fmt bgr24 pipe:1
2026-01-10 22:51:42,286 WARNING [video] OpenCV FFMPEG backend failed; using raw pipe reader fallback
2026-01-10 22:51:42,286 INFO [debug] Requested 1920x1280, got 1920.0x1280.0
2026-01-10 22:51:42,286 INFO [video] Active FOURCC: 'BGR3' (Int: 861030210)
2026-01-10 22:51:42,286 INFO [video] Active FPS: 30.0
2026-01-10 22:51:44,647 INFO [video] Retrying rpicam-vid:0 at 640x480 fmt=BGR3...
2026-01-10 22:51:44,647 INFO [video] Opening source rpicam-vid:0 width=640 height=480 fmt=BGR3 fps=30 fourcc=BGR3
2026-01-10 22:51:44,647 INFO [video] Using rpicam-vid pipe: rpicam-vid --timeout 0 --camera 0 --width 640 --height 480 --framerate 30 --codec yuv420 --libav-format rawvideo --output - --nopreview | ffmpeg -i pipe:0 -f rawvideo -pix_fmt bgr24 pipe:1
2026-01-10 22:51:44,647 WARNING [video] OpenCV FFMPEG backend failed; using raw pipe reader fallback
2026-01-10 22:51:44,648 INFO [debug] Requested 640x480, got 640.0x480.0
2026-01-10 22:51:44,648 INFO [video] Active FOURCC: 'BGR3' (Int: 861030210)
2026-01-10 22:51:44,648 INFO [video] Active FPS: 30.0
2026-01-10 22:51:46,912 INFO [video] Retrying open of rpicam-vid:0 with format RGB3...
2026-01-10 22:51:46,912 INFO [video] Opening source rpicam-vid:0 width=1920 height=1280 fmt=RGB3 fps=30 fourcc=RGB3
2026-01-10 22:51:46,912 INFO [video] Using rpicam-vid pipe: rpicam-vid --timeout 0 --camera 0 --width 1920 --height 1280 --framerate 30 --codec yuv420 --libav-format rawvideo --output - --nopreview | ffmpeg -i pipe:0 -f rawvideo -pix_fmt bgr24 pipe:1
2026-01-10 22:51:46,912 WARNING [video] OpenCV FFMPEG backend failed; using raw pipe reader fallback
2026-01-10 22:51:46,912 INFO [debug] Requested 1920x1280, got 1920.0x1280.0
2026-01-10 22:51:46,912 INFO [video] Active FOURCC: 'BGR3' (Int: 861030210)
2026-01-10 22:51:46,913 INFO [video] Active FPS: 30.0
2026-01-10 22:51:49,301 INFO [video] Retrying rpicam-vid:0 at 640x480 fmt=RGB3...
2026-01-10 22:51:49,301 INFO [video] Opening source rpicam-vid:0 width=640 height=480 fmt=RGB3 fps=30 fourcc=RGB3
2026-01-10 22:51:49,301 INFO [video] Using rpicam-vid pipe: rpicam-vid --timeout 0 --camera 0 --width 640 --height 480 --framerate 30 --codec yuv420 --libav-format rawvideo --output - --nopreview | ffmpeg -i pipe:0 -f rawvideo -pix_fmt bgr24 pipe:1
2026-01-10 22:51:49,301 WARNING [video] OpenCV FFMPEG backend failed; using raw pipe reader fallback
2026-01-10 22:51:49,302 INFO [debug] Requested 640x480, got 640.0x480.0
2026-01-10 22:51:49,302 INFO [video] Active FOURCC: 'BGR3' (Int: 861030210)
2026-01-10 22:51:49,302 INFO [video] Active FPS: 30.0
2026-01-10 22:51:51,662 INFO [video] Retrying open of rpicam-vid:0 with format YUYV...
2026-01-10 22:51:51,663 INFO [video] Opening source rpicam-vid:0 width=1920 height=1280 fmt=YUYV fps=30 fourcc=YUYV
2026-01-10 22:51:51,663 INFO [video] Using rpicam-vid pipe: rpicam-vid --timeout 0 --camera 0 --width 1920 --height 1280 --framerate 30 --codec yuv420 --libav-format rawvideo --output - --nopreview | ffmpeg -i pipe:0 -f rawvideo -pix_fmt bgr24 pipe:1
2026-01-10 22:51:51,663 WARNING [video] OpenCV FFMPEG backend failed; using raw pipe reader fallback
2026-01-10 22:51:51,663 INFO [debug] Requested 1920x1280, got 1920.0x1280.0
2026-01-10 22:51:51,663 INFO [video] Active FOURCC: 'BGR3' (Int: 861030210)
2026-01-10 22:51:51,663 INFO [video] Active FPS: 30.0
2026-01-10 22:51:53,927 INFO [video] Retrying rpicam-vid:0 at 640x480 fmt=YUYV...
2026-01-10 22:51:53,927 INFO [video] Opening source rpicam-vid:0 width=640 height=480 fmt=YUYV fps=30 fourcc=YUYV
2026-01-10 22:51:53,927 INFO [video] Using rpicam-vid pipe: rpicam-vid --timeout 0 --camera 0 --width 640 --height 480 --framerate 30 --codec yuv420 --libav-format rawvideo --output - --nopreview | ffmpeg -i pipe:0 -f rawvideo -pix_fmt bgr24 pipe:1
2026-01-10 22:51:53,927 WARNING [video] OpenCV FFMPEG backend failed; using raw pipe reader fallback
2026-01-10 22:51:53,928 INFO [debug] Requested 640x480, got 640.0x480.0
2026-01-10 22:51:53,928 INFO [video] Active FOURCC: 'BGR3' (Int: 861030210)
2026-01-10 22:51:53,928 INFO [video] Active FPS: 30.0
